{0}	1423
{0}	1424
{1}	1729
{1}	1730
{2}	1731
{2}	1732
{3}	1428
{3}	1733
{3}	1734
{3}	1843
{3}	1844
{4}	1421
{4}	1422
{4}	1425
{4}	1426
{4}	1427
{5}	1177
{5}	1178
{5}	1375
{5}	1376
{5}	1377
{5}	1378
{5}	1379
{5}	1380
{5}	1433
{5}	1434
{5}	1435
{5}	1436
{5}	1437
{5}	1438
{5}	1599
{5}	1600
{6}	1287
{6}	1288
{6}	1439
{6}	1440
{6}	1441
{6}	1442
{6}	1601
{6}	1602
{7}	1239
{7}	1240
{7}	1241
{7}	1242
{7}	1243
{7}	1244
{7}	1399
{7}	1400
{8}	1175
{8}	1176
{8}	1373
{8}	1374
{8}	1429
{8}	1430
{8}	1431
{8}	1432
{8}	1591
{8}	1592
{8}	1593
{8}	1594
{8}	1595
{8}	1596
{8}	1597
{8}	1598
{9}	1255
{9}	1256
{9}	1257
{9}	1258
{10}	1253
{10}	1254
{10}	1404
{11}	1403
{13}	1113
{13}	1114
{13}	1163
{13}	1164
{13}	1165
{13}	1166
{13}	1245
{13}	1246
{13}	1247
{13}	1248
{13}	1249
{13}	1250
{13}	1251
{13}	1252
{13}	1259
{13}	1260
{13}	1261
{13}	1262
{13}	1317
{13}	1318
{13}	1401
{13}	1402
{13}	1499
{13}	1500
{14}	1753
{14}	1754
{14}	1809
{14}	1810
{14}	1855
{14}	1856
{14}	1891
{14}	1892
{15}	1751
{15}	1752
{15}	1807
{15}	1808
{15}	1853
{15}	1854
{15}	1889
{15}	1890
{17}	1756
{18}	1812
{19}	1811
{20}	1561
{20}	1562
{20}	1755
{20}	1673
{20}	1674
{21}	1197
{21}	1198
{21}	1395
{21}	1396
{21}	1485
{21}	1486
{21}	1629
{21}	1630
{25}	1489
{25}	1490
{25}	1643
{25}	1644
{25}	1645
{25}	1646
{25}	1727
{25}	1728
{25}	1787
{25}	1788
{25}	1789
{25}	1790
{25}	1879
{25}	1880
{25}	1907
{25}	1908
{26}	1587
{26}	1588
{26}	1589
{26}	1590
{27}	1369
{27}	1370
{27}	1371
{27}	1372
{28}	1419
{28}	1420
{28}	1417
{28}	1418
{30}	1285
{30}	1286
{30}	1415
{30}	1416
{32}	1725
{32}	1726
{32}	1785
{32}	1786
{32}	1877
{32}	1878
{33}	1641
{33}	1642
{33}	1721
{33}	1722
{33}	1723
{33}	1724
{33}	1953
{33}	1954
{34}	1905
{34}	1906
{35}	1413
{35}	1414
{35}	1507
{35}	1508
{35}	1509
{35}	1510
{35}	1511
{35}	1512
{35}	1513
{35}	1514
{35}	1515
{35}	1516
{35}	1585
{35}	1586
{35}	1707
{35}	1708
{38}	1539
{38}	1540
{38}	1541
{38}	1542
{39}	1343
{39}	1344
{39}	1533
{39}	1534
{39}	1345
{39}	1346
{39}	1347
{39}	1348
{40}	1535
{40}	1536
{40}	1537
{40}	1538
{41}	1531
{41}	1532
{42}	1341
{42}	1342
{43}	1307
{43}	1308
{43}	1309
{43}	1310
{43}	1311
{43}	1312
{43}	1313
{43}	1314
{43}	1339
{43}	1340
{43}	1529
{43}	1530
{45}	1565
{45}	1566
{45}	1695
{45}	1696
{45}	1697
{45}	1698
{45}	1761
{45}	1762
{46}	1689
{46}	1690
{46}	1691
{46}	1692
{46}	1693
{46}	1694
{46}	1829
{46}	1830
{48}	1871
{48}	1872
{48}	1939
{48}	1941
{48}	1942
{48}	1943
{48}	1944
{49}	1940
{50}	1567
{50}	1568
{50}	1763
{50}	1764
{50}	1765
{50}	1766
{50}	1859
{50}	1860
{55}	1051
{55}	1052
{55}	1053
{55}	1054
{55}	1069
{55}	1070
{55}	1071
{55}	1072
{55}	1133
{55}	1134
{55}	1135
{55}	1136
{55}	1205
{55}	1206
{55}	1207
{55}	1208
{56}	1045
{56}	1046
{56}	1047
{56}	1048
{56}	1049
{56}	1050
{56}	1137
{56}	1138
{57}	1201
{57}	1202
{57}	1203
{57}	1204
{58}	1097
{58}	1098
{58}	1099
{58}	1100
{59}	1171
{59}	1172
{59}	1173
{59}	1174
{59}	1211
{59}	1212
{59}	1213
{59}	1214
{59}	1351
{59}	1352
{59}	1353
{59}	1354
{59}	1365
{59}	1366
{59}	1367
{59}	1368
{60}	1073
{60}	1074
{60}	1075
{60}	1076
{60}	1077
{60}	1078
{60}	1139
{60}	1140
{60}	1141
{60}	1142
{60}	1199
{60}	1200
{60}	1209
{60}	1210
{60}	1397
{60}	1398
{62}	1023
{62}	1024
{63}	1035
{63}	1036
{63}	1037
{63}	1038
{63}	1039
{63}	1040
{63}	1079
{63}	1080
{63}	1081
{63}	1082
{63}	1083
{63}	1084
{63}	1085
{63}	1086
{64}	1025
{64}	1026
{64}	1027
{64}	1028
{64}	1031
{64}	1032
{64}	1033
{64}	1034
{64}	1065
{64}	1066
{64}	1067
{64}	1068
{64}	1121
{64}	1122
{64}	1123
{64}	1124
{65}	1087
{65}	1088
{65}	1089
{65}	1090
{65}	1091
{65}	1092
{65}	1093
{65}	1094
{66}	1101
{66}	1102
{66}	1125
{66}	1126
{66}	1215
{66}	1216
{66}	1315
{66}	1316
{68}	1323
{68}	1324
{68}	1325
{68}	1326
{69}	1319
{69}	1320
{69}	1321
{69}	1322
{70}	1267
{70}	1268
{70}	1327
{70}	1328
{70}	1329
{70}	1330
{70}	1407
{70}	1408
{74}	1647
{74}	1648
{74}	1649
{74}	1650
{74}	1881
{74}	1882
{75}	1491
{75}	1492
{76}	1063
{76}	1064
{76}	1179
{76}	1180
{76}	1289
{76}	1290
{76}	1291
{76}	1292
{77}	1675
{77}	1676
{77}	1813
{77}	1814
{77}	1815
{77}	1816
{77}	1817
{77}	1818
{77}	1899
{77}	1900
{77}	1901
{77}	1902
{78}	1999
{78}	2001
{78}	2002
{79}	2000
{80}	850
{81}	849
{82}	838
{82}	1913
{82}	1914
{82}	1991
{82}	1992
{82}	1995
{82}	1996
{83}	1115
{83}	1116
{83}	1181
{83}	1182
{83}	1183
{83}	1184
{83}	1263
{83}	1264
{83}	1381
{83}	1382
{83}	1383
{83}	1384
{83}	1501
{83}	1502
{83}	1503
{83}	1504
{83}	1839
{83}	1840
{83}	1841
{83}	1842
{85}	1487
{85}	1488
{85}	1781
{85}	1782
{86}	1631
{86}	1632
{86}	1633
{86}	1634
{87}	1563
{87}	1564
{87}	1677
{87}	1678
{87}	1679
{87}	1680
{87}	1681
{87}	1682
{87}	1683
{87}	1684
{87}	1757
{87}	1758
{87}	1771
{87}	1772
{87}	1819
{87}	1820
{87}	1821
{87}	1822
{87}	1863
{87}	1864
{87}	1865
{87}	1866
{87}	1915
{87}	1916
{88}	1449
{88}	1450
{88}	1451
{88}	1452
{88}	1453
{88}	1454
{88}	1607
{88}	1608
{89}	1185
{89}	1186
{89}	1293
{89}	1294
{89}	1385
{89}	1386
{89}	1443
{89}	1444
{89}	1445
{89}	1446
{89}	1447
{89}	1448
{89}	1603
{89}	1604
{89}	1605
{89}	1606
{90}	1791
{90}	1792
{90}	1793
{90}	1794
{90}	1883
{90}	1884
{90}	1885
{90}	1886
{95}	1483
{95}	1484
{95}	1495
{95}	1496
{95}	1623
{95}	1624
{95}	1625
{95}	1626
{95}	1627
{95}	1628
{95}	1669
{95}	1670
{95}	1749
{95}	1750
{95}	1851
{95}	1852
{96}	1705
{96}	1706
{96}	1895
{96}	1896
{97}	1989
{97}	1990
{97}	1897
{97}	1898
{98}	1671
{98}	1672
{98}	1801
{98}	1802
{98}	1803
{98}	1804
{98}	1805
{98}	1806
{100}	1009
{100}	1014
{100}	1947
{100}	1948
{100}	1949
{100}	1950
{100}	1979
{100}	1980
{100}	1981
{100}	1982
{100}	2013
{100}	2014
{100}	2015
{100}	2016
{101}	1870
{101}	1937
{101}	1938
{102}	1869
{103}	1773
{103}	1774
{103}	1935
{103}	1936
{103}	1983
{103}	1984
{103}	1985
{103}	1986
{103}	1987
{103}	1988
{103}	2017
{103}	2018
{106}	1635
{106}	1636
{106}	1637
{106}	1638
{107}	1553
{107}	1554
{108}	1349
{108}	1350
{109}	1555
{109}	1556
{109}	1639
{109}	1640
{109}	1719
{109}	1720
{109}	1783
{109}	1784
{110}	1543
{110}	1544
{110}	1545
{110}	1546
{110}	1547
{110}	1548
{110}	1549
{110}	1550
{110}	1551
{110}	1552
{110}	1713
{110}	1714
{110}	1715
{110}	1716
{110}	1717
{110}	1718
{111}	1571
{111}	1572
{111}	1873
{111}	1874
{112}	1767
{112}	1768
{112}	1569
{112}	1570
{113}	1769
{113}	1770
{113}	1861
{113}	1862
{113}	1875
{113}	1876
{113}	1951
{113}	1952
{114}	1701
{114}	1702
{114}	1703
{114}	1704
{114}	1835
{114}	1836
{114}	1837
{114}	1838
{115}	1833
{116}	1834
{116}	1497
{116}	1498
{118}	1699
{118}	1700
{118}	1831
{118}	1832
{124}	1685
{124}	1686
{124}	1687
{124}	1688
{124}	1827
{124}	1828
{124}	1893
{124}	1894
{125}	1931
{125}	1932
{125}	1933
{125}	1934
{126}	1997
{127}	1969
{127}	1970
{127}	1998
{129}	1867
{129}	1868
{129}	1903
{129}	1904
{129}	1929
{129}	1930
{129}	1963
{129}	1964
{130}	1759
{130}	1760
{130}	1823
{130}	1824
{130}	1825
{130}	1826
{130}	1857
{130}	1858
{133}	1305
{133}	1306
{133}	1479
{133}	1480
{133}	1481
{133}	1482
{133}	1525
{133}	1526
{133}	1527
{133}	1528
{133}	1619
{133}	1620
{133}	1621
{133}	1622
{133}	1665
{133}	1667
{133}	1668
{133}	1748
{133}	1779
{133}	1780
{134}	1739
{134}	1740
{134}	1741
{134}	1742
{134}	1743
{134}	1744
{134}	1745
{134}	1746
{135}	1666
{135}	1747
{135}	1849
{135}	1850
{137}	989
{137}	990
{137}	992
{137}	1917
{137}	1918
{137}	1919
{137}	1920
{137}	1965
{137}	1966
{137}	1967
{137}	1968
{137}	2003
{137}	2004
{138}	996
{138}	1945
{138}	1946
{138}	2005
{138}	2006
{139}	852
{139}	1973
{139}	1974
{139}	1993
{139}	1994
{139}	2007
{139}	2008
{140}	1971
{140}	1972
{142}	1003
{142}	1004
{142}	1006
{142}	1925
{142}	1926
{142}	1927
{142}	1928
{142}	1959
{142}	1960
{142}	1961
{142}	1962
{142}	2011
{142}	2012
{143}	1921
{143}	1922
{143}	1923
{143}	1924
{143}	1955
{143}	1956
{143}	1957
{143}	1958
{144}	1001
{144}	1975
{144}	1976
{144}	1977
{144}	1978
{144}	2009
{144}	2010
{150}	1029
{150}	1030
{150}	1041
{150}	1042
{150}	1043
{150}	1044
{150}	1095
{150}	1096
{150}	1217
{150}	1218
{150}	1219
{150}	1220
{150}	1221
{150}	1222
{150}	1223
{150}	1224
{151}	1103
{151}	1105
{151}	1106
{152}	1104
{153}	1055
{153}	1056
{153}	1057
{153}	1058
{153}	1143
{153}	1144
{153}	1145
{153}	1146
{153}	1147
{153}	1148
{153}	1149
{153}	1150
{155}	1167
{155}	1168
{155}	1187
{155}	1188
{155}	1189
{155}	1190
{155}	1265
{155}	1266
{155}	1295
{155}	1296
{155}	1359
{155}	1360
{155}	1405
{155}	1406
{155}	1455
{155}	1456
{156}	1117
{156}	1118
{156}	1119
{156}	1120
{156}	1275
{156}	1276
{156}	1277
{156}	1278
{157}	1337
{157}	1338
{157}	1505
{157}	1506
{158}	1129
{158}	1130
{158}	1131
{158}	1132
{161}	1269
{161}	1270
{161}	1271
{161}	1272
{161}	1273
{161}	1274
{161}	1336
{161}	1409
{161}	1410
{162}	1331
{162}	1332
{162}	1333
{162}	1334
{163}	1127
{163}	1128
{163}	1335
{164}	1151
{165}	1152
{166}	1059
{166}	1060
{166}	1107
{166}	1108
{166}	1225
{166}	1226
{167}	1109
{167}	1111
{167}	1112
{168}	1110
{169}	1227
{169}	1228
{169}	1229
{169}	1230
{172}	1153
{172}	1154
{172}	1155
{172}	1156
{172}	1279
{172}	1280
{172}	1281
{172}	1282
{172}	1283
{172}	1284
{172}	1355
{172}	1356
{172}	1357
{172}	1358
{172}	1411
{172}	1412
{173}	1061
{173}	1062
{173}	1157
{173}	1158
{173}	1159
{173}	1160
{173}	1161
{173}	1162
{174}	1231
{174}	1232
{174}	1233
{174}	1234
{175}	1235
{175}	1236
{175}	1237
{175}	1238
{181}	1195
{181}	1196
{181}	1391
{181}	1392
{181}	1393
{181}	1394
{181}	1471
{181}	1472
{181}	1473
{181}	1474
{181}	1475
{181}	1476
{181}	1477
{181}	1478
{181}	1523
{181}	1524
{181}	1583
{181}	1584
{181}	1615
{181}	1616
{181}	1617
{181}	1618
{181}	1661
{181}	1662
{181}	1663
{181}	1664
{181}	1711
{181}	1712
{181}	1797
{181}	1798
{181}	1799
{181}	1800
{182}	1517
{182}	1518
{182}	1519
{182}	1520
{182}	1521
{182}	1522
{182}	1709
{182}	1710
{183}	1557
{183}	1558
{183}	1909
{183}	1910
{183}	1735
{183}	1736
{183}	1845
{183}	1846
{184}	1493
{184}	1494
{184}	1559
{184}	1560
{184}	1655
{184}	1656
{184}	1657
{184}	1658
{184}	1659
{184}	1660
{184}	1737
{184}	1738
{184}	1847
{184}	1848
{184}	1911
{184}	1912
{186}	1297
{186}	1298
{187}	1461
{187}	1462
{187}	1463
{187}	1464
{188}	1465
{188}	1466
{189}	1191
{189}	1192
{189}	1579
{189}	1580
{189}	1467
{189}	1468
{189}	1469
{189}	1470
{190}	1387
{190}	1388
{190}	1457
{190}	1458
{190}	1459
{190}	1460
{190}	1575
{190}	1576
{190}	1577
{190}	1578
{190}	1609
{190}	1610
{190}	1611
{190}	1612
{190}	1775
{190}	1776
{191}	1169
{191}	1170
{191}	1303
{191}	1304
{191}	1361
{191}	1362
{191}	1581
{191}	1582
{191}	1613
{191}	1614
{191}	1777
{191}	1778
{192}	1363
{192}	1364
{192}	1573
{192}	1574
{193}	1193
{193}	1194
{193}	1299
{193}	1300
{193}	1301
{193}	1302
{193}	1389
{193}	1390
{193}	1651
{193}	1652
{193}	1653
{193}	1654
{193}	1795
{193}	1796
{193}	1887
{193}	1888
